
*** Running vivado
    with args -log top_module.vds -m64 -product Vivado -mode batch -messageDb vivado.pb -notrace -source top_module.tcl



****** Vivado v2024.2 (64-bit)
  **** SW Build 5239630 on Fri Nov 08 22:35:27 MST 2024
  **** IP Build 5239520 on Sun Nov 10 16:12:51 MST 2024
  **** SharedData Build 5239561 on Fri Nov 08 14:39:27 MST 2024
  **** Start of session at: Fri Apr 11 18:18:11 2025
    ** Copyright 1986-2022 Xilinx, Inc. All Rights Reserved.
    ** Copyright 2022-2024 Advanced Micro Devices, Inc. All Rights Reserved.

source top_module.tcl -notrace
Command: read_checkpoint -auto_incremental -incremental C:/Users/neilt/Documents/UNSW/Vivado-Projects/Security_System/Security_System.srcs/utils_1/imports/synth_1/Security_System.dcp
INFO: [Vivado 12-5825] Read reference checkpoint from C:/Users/neilt/Documents/UNSW/Vivado-Projects/Security_System/Security_System.srcs/utils_1/imports/synth_1/Security_System.dcp for incremental synthesis
INFO: [Vivado 12-7989] Please ensure there are no constraint changes
Command: synth_design -top top_module -part xc7a35tcpg236-1
Starting synth_design
Attempting to get a license for feature 'Synthesis' and/or device 'xc7a35t'
INFO: [Common 17-349] Got license for feature 'Synthesis' and/or device 'xc7a35t'
INFO: [Device 21-403] Loading part xc7a35tcpg236-1
INFO: [Designutils 20-5440] No compile time benefit to using incremental synthesis; A full resynthesis will be run
INFO: [Designutils 20-4379] Flow is switching to default flow due to incremental criteria not met. If you would like to alter this behaviour and have the flow terminate instead, please set the following parameter config_implementation {autoIncr.Synth.RejectBehavior Terminate}
INFO: [Synth 8-7079] Multithreading enabled for synth_design using a maximum of 2 processes.
INFO: [Synth 8-7078] Launching helper process for spawning children vivado processes
INFO: [Synth 8-7075] Helper process launched with PID 28012
---------------------------------------------------------------------------------
Starting RTL Elaboration : Time (s): cpu = 00:00:05 ; elapsed = 00:00:05 . Memory (MB): peak = 1030.602 ; gain = 467.027
---------------------------------------------------------------------------------
INFO: [Synth 8-6157] synthesizing module 'top_module' [C:/Users/neilt/Documents/UNSW/Vivado-Projects/Security_System/Security_System.srcs/sources_1/new/top_module.v:23]
INFO: [Synth 8-6157] synthesizing module 'timer' [C:/Users/neilt/Documents/UNSW/Vivado-Projects/Security_System/Security_System.srcs/sources_1/new/timer.v:23]
INFO: [Synth 8-6155] done synthesizing module 'timer' (0#1) [C:/Users/neilt/Documents/UNSW/Vivado-Projects/Security_System/Security_System.srcs/sources_1/new/timer.v:23]
INFO: [Synth 8-155] case statement is not full and has no default [C:/Users/neilt/Documents/UNSW/Vivado-Projects/Security_System/Security_System.srcs/sources_1/new/top_module.v:48]
INFO: [Synth 8-6155] done synthesizing module 'top_module' (0#1) [C:/Users/neilt/Documents/UNSW/Vivado-Projects/Security_System/Security_System.srcs/sources_1/new/top_module.v:23]
---------------------------------------------------------------------------------
Finished RTL Elaboration : Time (s): cpu = 00:00:06 ; elapsed = 00:00:07 . Memory (MB): peak = 1135.680 ; gain = 572.105
---------------------------------------------------------------------------------
---------------------------------------------------------------------------------
Start Handling Custom Attributes
---------------------------------------------------------------------------------
---------------------------------------------------------------------------------
Finished Handling Custom Attributes : Time (s): cpu = 00:00:06 ; elapsed = 00:00:07 . Memory (MB): peak = 1135.680 ; gain = 572.105
---------------------------------------------------------------------------------
---------------------------------------------------------------------------------
Finished RTL Optimization Phase 1 : Time (s): cpu = 00:00:06 ; elapsed = 00:00:07 . Memory (MB): peak = 1135.680 ; gain = 572.105
---------------------------------------------------------------------------------
Netlist sorting complete. Time (s): cpu = 00:00:00 ; elapsed = 00:00:00.001 . Memory (MB): peak = 1135.680 ; gain = 0.000
INFO: [Project 1-570] Preparing netlist for logic optimization

Processing XDC Constraints
Initializing timing engine
Parsing XDC File [C:/Users/neilt/Documents/UNSW/Vivado-Projects/Security_System/Security_System.srcs/constrs_1/new/Security_System_constraint.xdc]
Finished Parsing XDC File [C:/Users/neilt/Documents/UNSW/Vivado-Projects/Security_System/Security_System.srcs/constrs_1/new/Security_System_constraint.xdc]
INFO: [Project 1-236] Implementation specific constraints were found while reading constraint file [C:/Users/neilt/Documents/UNSW/Vivado-Projects/Security_System/Security_System.srcs/constrs_1/new/Security_System_constraint.xdc]. These constraints will be ignored for synthesis but will be used in implementation. Impacted constraints are listed in the file [.Xil/top_module_propImpl.xdc].
Resolution: To avoid this warning, move constraints listed in [.Xil/top_module_propImpl.xdc] to another XDC file and exclude this new file from synthesis with the used_in_synthesis property (File Properties dialog in GUI) and re-run elaboration/synthesis.
Completed Processing XDC Constraints

Netlist sorting complete. Time (s): cpu = 00:00:00 ; elapsed = 00:00:00 . Memory (MB): peak = 1199.629 ; gain = 0.000
INFO: [Project 1-111] Unisim Transformation Summary:
No Unisim elements were transformed.

Constraint Validation Runtime : Time (s): cpu = 00:00:00 ; elapsed = 00:00:00.002 . Memory (MB): peak = 1199.629 ; gain = 0.000
INFO: [Designutils 20-5440] No compile time benefit to using incremental synthesis; A full resynthesis will be run
INFO: [Designutils 20-4379] Flow is switching to default flow due to incremental criteria not met. If you would like to alter this behaviour and have the flow terminate instead, please set the following parameter config_implementation {autoIncr.Synth.RejectBehavior Terminate}
---------------------------------------------------------------------------------
Finished Constraint Validation : Time (s): cpu = 00:00:13 ; elapsed = 00:00:14 . Memory (MB): peak = 1199.629 ; gain = 636.055
---------------------------------------------------------------------------------
---------------------------------------------------------------------------------
Start Loading Part and Timing Information
---------------------------------------------------------------------------------
Loading part: xc7a35tcpg236-1
---------------------------------------------------------------------------------
Finished Loading Part and Timing Information : Time (s): cpu = 00:00:13 ; elapsed = 00:00:14 . Memory (MB): peak = 1199.629 ; gain = 636.055
---------------------------------------------------------------------------------
---------------------------------------------------------------------------------
Start Applying 'set_property' XDC Constraints
---------------------------------------------------------------------------------
---------------------------------------------------------------------------------
Finished applying 'set_property' XDC Constraints : Time (s): cpu = 00:00:13 ; elapsed = 00:00:14 . Memory (MB): peak = 1199.629 ; gain = 636.055
---------------------------------------------------------------------------------
INFO: [Synth 8-802] inferred FSM for state register 'curr_state_reg' in module 'top_module'
WARNING: [Synth 8-327] inferring latch for variable 'FSM_sequential_next_state_reg' [C:/Users/neilt/Documents/UNSW/Vivado-Projects/Security_System/Security_System.srcs/sources_1/new/top_module.v:51]
WARNING: [Synth 8-327] inferring latch for variable 'FSM_onehot_next_state_reg' [C:/Users/neilt/Documents/UNSW/Vivado-Projects/Security_System/Security_System.srcs/sources_1/new/top_module.v:51]
---------------------------------------------------------------------------------------------------
                   State |                     New Encoding |                Previous Encoding 
---------------------------------------------------------------------------------------------------
                 iSTATE3 |                              000 |                              000
                  iSTATE |                              001 |                              001
                 iSTATE0 |                              010 |                              010
                 iSTATE1 |                              011 |                              011
                 iSTATE2 |                              100 |                              100
                 iSTATE4 |                              101 |                              101
---------------------------------------------------------------------------------------------------
INFO: [Synth 8-3354] encoded FSM with state register 'curr_state_reg' using encoding 'sequential' in module 'top_module'
WARNING: [Synth 8-327] inferring latch for variable 'FSM_sequential_next_state_reg' [C:/Users/neilt/Documents/UNSW/Vivado-Projects/Security_System/Security_System.srcs/sources_1/new/top_module.v:51]
---------------------------------------------------------------------------------
Finished RTL Optimization Phase 2 : Time (s): cpu = 00:00:13 ; elapsed = 00:00:15 . Memory (MB): peak = 1199.629 ; gain = 636.055
---------------------------------------------------------------------------------
---------------------------------------------------------------------------------
Start RTL Component Statistics 
---------------------------------------------------------------------------------
Detailed RTL Component Info : 
+---Registers : 
	                1 Bit    Registers := 1     
+---Muxes : 
	   6 Input    3 Bit        Muxes := 1     
	   5 Input    3 Bit        Muxes := 1     
	   2 Input    3 Bit        Muxes := 5     
	   2 Input    1 Bit        Muxes := 1     
	   6 Input    1 Bit        Muxes := 2     
---------------------------------------------------------------------------------
Finished RTL Component Statistics 
---------------------------------------------------------------------------------
---------------------------------------------------------------------------------
Start Part Resource Summary
---------------------------------------------------------------------------------
Part Resources:
DSPs: 90 (col length:60)
BRAMs: 100 (col length: RAMB18 60 RAMB36 30)
---------------------------------------------------------------------------------
Finished Part Resource Summary
---------------------------------------------------------------------------------
---------------------------------------------------------------------------------
Start Cross Boundary and Area Optimization
---------------------------------------------------------------------------------
WARNING: [Synth 8-7080] Parallel synthesis criteria is not met
---------------------------------------------------------------------------------
Finished Cross Boundary and Area Optimization : Time (s): cpu = 00:00:15 ; elapsed = 00:00:16 . Memory (MB): peak = 1199.629 ; gain = 636.055
---------------------------------------------------------------------------------
---------------------------------------------------------------------------------
Start Applying XDC Timing Constraints
---------------------------------------------------------------------------------
---------------------------------------------------------------------------------
Finished Applying XDC Timing Constraints : Time (s): cpu = 00:00:20 ; elapsed = 00:00:22 . Memory (MB): peak = 1330.734 ; gain = 767.160
---------------------------------------------------------------------------------
---------------------------------------------------------------------------------
Start Timing Optimization
---------------------------------------------------------------------------------
---------------------------------------------------------------------------------
Finished Timing Optimization : Time (s): cpu = 00:00:20 ; elapsed = 00:00:22 . Memory (MB): peak = 1351.969 ; gain = 788.395
---------------------------------------------------------------------------------
---------------------------------------------------------------------------------
Start Technology Mapping
---------------------------------------------------------------------------------
---------------------------------------------------------------------------------
Finished Technology Mapping : Time (s): cpu = 00:00:20 ; elapsed = 00:00:22 . Memory (MB): peak = 1351.969 ; gain = 788.395
---------------------------------------------------------------------------------
---------------------------------------------------------------------------------
Start IO Insertion
---------------------------------------------------------------------------------
---------------------------------------------------------------------------------
Start Flattening Before IO Insertion
---------------------------------------------------------------------------------
---------------------------------------------------------------------------------
Finished Flattening Before IO Insertion
---------------------------------------------------------------------------------
---------------------------------------------------------------------------------
Start Final Netlist Cleanup
---------------------------------------------------------------------------------
---------------------------------------------------------------------------------
Finished Final Netlist Cleanup
---------------------------------------------------------------------------------
---------------------------------------------------------------------------------
Finished IO Insertion : Time (s): cpu = 00:00:23 ; elapsed = 00:00:26 . Memory (MB): peak = 1557.785 ; gain = 994.211
---------------------------------------------------------------------------------
---------------------------------------------------------------------------------
Start Renaming Generated Instances
---------------------------------------------------------------------------------
---------------------------------------------------------------------------------
Finished Renaming Generated Instances : Time (s): cpu = 00:00:23 ; elapsed = 00:00:26 . Memory (MB): peak = 1557.785 ; gain = 994.211
---------------------------------------------------------------------------------
---------------------------------------------------------------------------------
Start Rebuilding User Hierarchy
---------------------------------------------------------------------------------
---------------------------------------------------------------------------------
Finished Rebuilding User Hierarchy : Time (s): cpu = 00:00:24 ; elapsed = 00:00:26 . Memory (MB): peak = 1557.785 ; gain = 994.211
---------------------------------------------------------------------------------
---------------------------------------------------------------------------------
Start Renaming Generated Ports
---------------------------------------------------------------------------------
---------------------------------------------------------------------------------
Finished Renaming Generated Ports : Time (s): cpu = 00:00:24 ; elapsed = 00:00:26 . Memory (MB): peak = 1557.785 ; gain = 994.211
---------------------------------------------------------------------------------
---------------------------------------------------------------------------------
Start Handling Custom Attributes
---------------------------------------------------------------------------------
---------------------------------------------------------------------------------
Finished Handling Custom Attributes : Time (s): cpu = 00:00:24 ; elapsed = 00:00:26 . Memory (MB): peak = 1557.785 ; gain = 994.211
---------------------------------------------------------------------------------
---------------------------------------------------------------------------------
Start Renaming Generated Nets
---------------------------------------------------------------------------------
---------------------------------------------------------------------------------
Finished Renaming Generated Nets : Time (s): cpu = 00:00:24 ; elapsed = 00:00:26 . Memory (MB): peak = 1557.785 ; gain = 994.211
---------------------------------------------------------------------------------
---------------------------------------------------------------------------------
Start Writing Synthesis Report
---------------------------------------------------------------------------------

Report BlackBoxes: 
+-+--------------+----------+
| |BlackBox name |Instances |
+-+--------------+----------+
+-+--------------+----------+

Report Cell Usage: 
+------+-------+------+
|      |Cell   |Count |
+------+-------+------+
|1     |BUFG   |     1|
|2     |CARRY4 |     8|
|3     |LUT1   |     1|
|4     |LUT2   |     3|
|5     |LUT3   |     2|
|6     |LUT4   |     5|
|7     |LUT5   |    39|
|8     |LUT6   |     1|
|9     |FDCE   |    32|
|10    |FDRE   |     4|
|11    |LD     |     3|
|12    |IBUF   |     7|
|13    |OBUF   |     2|
+------+-------+------+
---------------------------------------------------------------------------------
Finished Writing Synthesis Report : Time (s): cpu = 00:00:24 ; elapsed = 00:00:26 . Memory (MB): peak = 1557.785 ; gain = 994.211
---------------------------------------------------------------------------------
Synthesis finished with 0 errors, 0 critical warnings and 4 warnings.
Synthesis Optimization Runtime : Time (s): cpu = 00:00:16 ; elapsed = 00:00:24 . Memory (MB): peak = 1557.785 ; gain = 930.262
Synthesis Optimization Complete : Time (s): cpu = 00:00:24 ; elapsed = 00:00:26 . Memory (MB): peak = 1557.785 ; gain = 994.211
INFO: [Project 1-571] Translating synthesized netlist
Netlist sorting complete. Time (s): cpu = 00:00:00 ; elapsed = 00:00:00 . Memory (MB): peak = 1566.984 ; gain = 0.000
INFO: [Netlist 29-17] Analyzing 11 Unisim elements for replacement
INFO: [Netlist 29-28] Unisim Transformation completed in 0 CPU seconds
INFO: [Project 1-570] Preparing netlist for logic optimization
INFO: [Opt 31-138] Pushed 0 inverter(s) to 0 load pin(s).
Netlist sorting complete. Time (s): cpu = 00:00:00 ; elapsed = 00:00:00 . Memory (MB): peak = 1570.684 ; gain = 0.000
INFO: [Project 1-111] Unisim Transformation Summary:
  A total of 3 instances were transformed.
  LD => LDCE: 3 instances

Synth Design complete | Checksum: d2a5a5a4
INFO: [Common 17-83] Releasing license: Synthesis
28 Infos, 4 Warnings, 0 Critical Warnings and 0 Errors encountered.
synth_design completed successfully
synth_design: Time (s): cpu = 00:00:27 ; elapsed = 00:00:31 . Memory (MB): peak = 1570.684 ; gain = 1198.348
Write ShapeDB Complete: Time (s): cpu = 00:00:00 ; elapsed = 00:00:00.001 . Memory (MB): peak = 1570.684 ; gain = 0.000
INFO: [Common 17-1381] The checkpoint 'C:/Users/neilt/Documents/UNSW/Vivado-Projects/Security_System/Security_System.runs/synth_1/top_module.dcp' has been generated.
INFO: [Vivado 12-24828] Executing command : report_utilization -file top_module_utilization_synth.rpt -pb top_module_utilization_synth.pb
INFO: [Common 17-206] Exiting Vivado at Fri Apr 11 18:18:48 2025...
